The target system is: Linux - 1 - armv7-a
The host system is: Linux - 3.2.0-56-generic - x86_64
Determining if the include file pthread.h exists passed with the following output:
Change Dir: /home/thomas/build/misc/openCV/work/platforms/build_android_arm/CMakeFiles/CMakeTmp

Run Build Command:/usr/bin/make "cmTryCompileExec/fast"
/usr/bin/make -f CMakeFiles/cmTryCompileExec.dir/build.make CMakeFiles/cmTryCompileExec.dir/build
make[1]: Entering directory `/home/thomas/build/misc/openCV/work/platforms/build_android_arm/CMakeFiles/CMakeTmp'
/usr/bin/cmake -E cmake_progress_report /home/thomas/build/misc/openCV/work/platforms/build_android_arm/CMakeFiles/CMakeTmp/CMakeFiles 1
Building C object CMakeFiles/cmTryCompileExec.dir/CheckIncludeFile.c.o
/home/thomas/build/android-ndk-r9d/toolchains/arm-linux-androideabi-4.8/prebuilt/linux-x86_64/bin/arm-linux-androideabi-gcc  -DANDROID -fexceptions -Wno-psabi --sysroot=/home/thomas/build/android-ndk-r9d/platforms/android-8/arch-arm -fpic -funwind-tables -finline-limit=64 -fsigned-char -no-canonical-prefixes -march=armv7-a -mfloat-abi=softfp -mfpu=vfpv3-d16 -fdata-sections -ffunction-sections -Wa,--noexecstack    -fsigned-char -W -Wall -Werror=return-type -Werror=non-virtual-dtor -Werror=address -Werror=sequence-point -Wformat -Werror=format-security -Wmissing-declarations -Wmissing-prototypes -Wstrict-prototypes -Wundef -Winit-self -Wpointer-arith -Wshadow -Wno-narrowing -fdiagnostics-show-option -fomit-frame-pointer -fvisibility=hidden   -mthumb -fomit-frame-pointer -fno-strict-aliasing -O3 -DNDEBUG -isystem /home/thomas/build/android-ndk-r9d/platforms/android-8/arch-arm/usr/include -isystem /home/thomas/build/android-ndk-r9d/sources/cxx-stl/gnu-libstdc++/4.8/include -isystem /home/thomas/build/android-ndk-r9d/sources/cxx-stl/gnu-libstdc++/4.8/libs/armeabi-v7a/include    -o CMakeFiles/cmTryCompileExec.dir/CheckIncludeFile.c.o   -c /home/thomas/build/misc/openCV/work/platforms/build_android_arm/CMakeFiles/CMakeTmp/CheckIncludeFile.c
Linking C executable cmTryCompileExec
/usr/bin/cmake -E cmake_link_script CMakeFiles/cmTryCompileExec.dir/link.txt --verbose=1
/home/thomas/build/android-ndk-r9d/toolchains/arm-linux-androideabi-4.8/prebuilt/linux-x86_64/bin/arm-linux-androideabi-gcc   -fexceptions -Wno-psabi --sysroot=/home/thomas/build/android-ndk-r9d/platforms/android-8/arch-arm -fpic -funwind-tables -finline-limit=64 -fsigned-char -no-canonical-prefixes -march=armv7-a -mfloat-abi=softfp -mfpu=vfpv3-d16 -fdata-sections -ffunction-sections -Wa,--noexecstack    -fsigned-char -W -Wall -Werror=return-type -Werror=non-virtual-dtor -Werror=address -Werror=sequence-point -Wformat -Werror=format-security -Wmissing-declarations -Wmissing-prototypes -Wstrict-prototypes -Wundef -Winit-self -Wpointer-arith -Wshadow -Wno-narrowing -fdiagnostics-show-option -fomit-frame-pointer -fvisibility=hidden   -mthumb -fomit-frame-pointer -fno-strict-aliasing -O3 -DNDEBUG   -Wl,--fix-cortex-a8 -fopenmp -Wl,--no-undefined -Wl,--gc-sections -Wl,-z,noexecstack -Wl,-z,relro -Wl,-z,now -Wl,-z,nocopyreloc CMakeFiles/cmTryCompileExec.dir/CheckIncludeFile.c.o -o cmTryCompileExec -rdynamic -L/libs/armeabi-v7a  "/home/thomas/build/android-ndk-r9d/sources/cxx-stl/gnu-libstdc++/4.8/libs/armeabi-v7a/libsupc++.a"
make[1]: Leaving directory `/home/thomas/build/misc/openCV/work/platforms/build_android_arm/CMakeFiles/CMakeTmp'


Determining if the include file sys/types.h exists passed with the following output:
Change Dir: /home/thomas/build/misc/openCV/work/platforms/build_android_arm/CMakeFiles/CMakeTmp

Run Build Command:/usr/bin/make "cmTryCompileExec/fast"
/usr/bin/make -f CMakeFiles/cmTryCompileExec.dir/build.make CMakeFiles/cmTryCompileExec.dir/build
make[1]: Entering directory `/home/thomas/build/misc/openCV/work/platforms/build_android_arm/CMakeFiles/CMakeTmp'
/usr/bin/cmake -E cmake_progress_report /home/thomas/build/misc/openCV/work/platforms/build_android_arm/CMakeFiles/CMakeTmp/CMakeFiles 1
Building C object CMakeFiles/cmTryCompileExec.dir/CheckIncludeFile.c.o
/home/thomas/build/android-ndk-r9d/toolchains/arm-linux-androideabi-4.8/prebuilt/linux-x86_64/bin/arm-linux-androideabi-gcc  -DANDROID -fexceptions -Wno-psabi --sysroot=/home/thomas/build/android-ndk-r9d/platforms/android-8/arch-arm -fpic -funwind-tables -finline-limit=64 -fsigned-char -no-canonical-prefixes -march=armv7-a -mfloat-abi=softfp -mfpu=vfpv3-d16 -fdata-sections -ffunction-sections -Wa,--noexecstack    -fsigned-char -W -Wall -Werror=return-type -Werror=non-virtual-dtor -Werror=address -Werror=sequence-point -Wformat -Werror=format-security -Wmissing-declarations -Wmissing-prototypes -Wstrict-prototypes -Wundef -Winit-self -Wpointer-arith -Wshadow -Wno-narrowing -fdiagnostics-show-option -fomit-frame-pointer -fvisibility=hidden   -mthumb -fomit-frame-pointer -fno-strict-aliasing -O3 -DNDEBUG -isystem /home/thomas/build/android-ndk-r9d/platforms/android-8/arch-arm/usr/include -isystem /home/thomas/build/android-ndk-r9d/sources/cxx-stl/gnu-libstdc++/4.8/include -isystem /home/thomas/build/android-ndk-r9d/sources/cxx-stl/gnu-libstdc++/4.8/libs/armeabi-v7a/include    -o CMakeFiles/cmTryCompileExec.dir/CheckIncludeFile.c.o   -c /home/thomas/build/misc/openCV/work/platforms/build_android_arm/CMakeFiles/CMakeTmp/CheckIncludeFile.c
Linking C executable cmTryCompileExec
/usr/bin/cmake -E cmake_link_script CMakeFiles/cmTryCompileExec.dir/link.txt --verbose=1
/home/thomas/build/android-ndk-r9d/toolchains/arm-linux-androideabi-4.8/prebuilt/linux-x86_64/bin/arm-linux-androideabi-gcc   -fexceptions -Wno-psabi --sysroot=/home/thomas/build/android-ndk-r9d/platforms/android-8/arch-arm -fpic -funwind-tables -finline-limit=64 -fsigned-char -no-canonical-prefixes -march=armv7-a -mfloat-abi=softfp -mfpu=vfpv3-d16 -fdata-sections -ffunction-sections -Wa,--noexecstack    -fsigned-char -W -Wall -Werror=return-type -Werror=non-virtual-dtor -Werror=address -Werror=sequence-point -Wformat -Werror=format-security -Wmissing-declarations -Wmissing-prototypes -Wstrict-prototypes -Wundef -Winit-self -Wpointer-arith -Wshadow -Wno-narrowing -fdiagnostics-show-option -fomit-frame-pointer -fvisibility=hidden   -mthumb -fomit-frame-pointer -fno-strict-aliasing -O3 -DNDEBUG   -Wl,--fix-cortex-a8 -fopenmp -Wl,--no-undefined -Wl,--gc-sections -Wl,-z,noexecstack -Wl,-z,relro -Wl,-z,now -Wl,-z,nocopyreloc CMakeFiles/cmTryCompileExec.dir/CheckIncludeFile.c.o -o cmTryCompileExec -rdynamic -L/libs/armeabi-v7a  "/home/thomas/build/android-ndk-r9d/sources/cxx-stl/gnu-libstdc++/4.8/libs/armeabi-v7a/libsupc++.a"
make[1]: Leaving directory `/home/thomas/build/misc/openCV/work/platforms/build_android_arm/CMakeFiles/CMakeTmp'


Determining if the include file stdint.h exists passed with the following output:
Change Dir: /home/thomas/build/misc/openCV/work/platforms/build_android_arm/CMakeFiles/CMakeTmp

Run Build Command:/usr/bin/make "cmTryCompileExec/fast"
/usr/bin/make -f CMakeFiles/cmTryCompileExec.dir/build.make CMakeFiles/cmTryCompileExec.dir/build
make[1]: Entering directory `/home/thomas/build/misc/openCV/work/platforms/build_android_arm/CMakeFiles/CMakeTmp'
/usr/bin/cmake -E cmake_progress_report /home/thomas/build/misc/openCV/work/platforms/build_android_arm/CMakeFiles/CMakeTmp/CMakeFiles 1
Building C object CMakeFiles/cmTryCompileExec.dir/CheckIncludeFile.c.o
/home/thomas/build/android-ndk-r9d/toolchains/arm-linux-androideabi-4.8/prebuilt/linux-x86_64/bin/arm-linux-androideabi-gcc  -DANDROID -fexceptions -Wno-psabi --sysroot=/home/thomas/build/android-ndk-r9d/platforms/android-8/arch-arm -fpic -funwind-tables -finline-limit=64 -fsigned-char -no-canonical-prefixes -march=armv7-a -mfloat-abi=softfp -mfpu=vfpv3-d16 -fdata-sections -ffunction-sections -Wa,--noexecstack    -fsigned-char -W -Wall -Werror=return-type -Werror=non-virtual-dtor -Werror=address -Werror=sequence-point -Wformat -Werror=format-security -Wmissing-declarations -Wmissing-prototypes -Wstrict-prototypes -Wundef -Winit-self -Wpointer-arith -Wshadow -Wno-narrowing -fdiagnostics-show-option -fomit-frame-pointer -fvisibility=hidden   -mthumb -fomit-frame-pointer -fno-strict-aliasing -O3 -DNDEBUG -isystem /home/thomas/build/android-ndk-r9d/platforms/android-8/arch-arm/usr/include -isystem /home/thomas/build/android-ndk-r9d/sources/cxx-stl/gnu-libstdc++/4.8/include -isystem /home/thomas/build/android-ndk-r9d/sources/cxx-stl/gnu-libstdc++/4.8/libs/armeabi-v7a/include    -o CMakeFiles/cmTryCompileExec.dir/CheckIncludeFile.c.o   -c /home/thomas/build/misc/openCV/work/platforms/build_android_arm/CMakeFiles/CMakeTmp/CheckIncludeFile.c
Linking C executable cmTryCompileExec
/usr/bin/cmake -E cmake_link_script CMakeFiles/cmTryCompileExec.dir/link.txt --verbose=1
/home/thomas/build/android-ndk-r9d/toolchains/arm-linux-androideabi-4.8/prebuilt/linux-x86_64/bin/arm-linux-androideabi-gcc   -fexceptions -Wno-psabi --sysroot=/home/thomas/build/android-ndk-r9d/platforms/android-8/arch-arm -fpic -funwind-tables -finline-limit=64 -fsigned-char -no-canonical-prefixes -march=armv7-a -mfloat-abi=softfp -mfpu=vfpv3-d16 -fdata-sections -ffunction-sections -Wa,--noexecstack    -fsigned-char -W -Wall -Werror=return-type -Werror=non-virtual-dtor -Werror=address -Werror=sequence-point -Wformat -Werror=format-security -Wmissing-declarations -Wmissing-prototypes -Wstrict-prototypes -Wundef -Winit-self -Wpointer-arith -Wshadow -Wno-narrowing -fdiagnostics-show-option -fomit-frame-pointer -fvisibility=hidden   -mthumb -fomit-frame-pointer -fno-strict-aliasing -O3 -DNDEBUG   -Wl,--fix-cortex-a8 -fopenmp -Wl,--no-undefined -Wl,--gc-sections -Wl,-z,noexecstack -Wl,-z,relro -Wl,-z,now -Wl,-z,nocopyreloc CMakeFiles/cmTryCompileExec.dir/CheckIncludeFile.c.o -o cmTryCompileExec -rdynamic -L/libs/armeabi-v7a  "/home/thomas/build/android-ndk-r9d/sources/cxx-stl/gnu-libstdc++/4.8/libs/armeabi-v7a/libsupc++.a"
make[1]: Leaving directory `/home/thomas/build/misc/openCV/work/platforms/build_android_arm/CMakeFiles/CMakeTmp'


Determining if the include file stddef.h exists passed with the following output:
Change Dir: /home/thomas/build/misc/openCV/work/platforms/build_android_arm/CMakeFiles/CMakeTmp

Run Build Command:/usr/bin/make "cmTryCompileExec/fast"
/usr/bin/make -f CMakeFiles/cmTryCompileExec.dir/build.make CMakeFiles/cmTryCompileExec.dir/build
make[1]: Entering directory `/home/thomas/build/misc/openCV/work/platforms/build_android_arm/CMakeFiles/CMakeTmp'
/usr/bin/cmake -E cmake_progress_report /home/thomas/build/misc/openCV/work/platforms/build_android_arm/CMakeFiles/CMakeTmp/CMakeFiles 1
Building C object CMakeFiles/cmTryCompileExec.dir/CheckIncludeFile.c.o
/home/thomas/build/android-ndk-r9d/toolchains/arm-linux-androideabi-4.8/prebuilt/linux-x86_64/bin/arm-linux-androideabi-gcc  -DANDROID -fexceptions -Wno-psabi --sysroot=/home/thomas/build/android-ndk-r9d/platforms/android-8/arch-arm -fpic -funwind-tables -finline-limit=64 -fsigned-char -no-canonical-prefixes -march=armv7-a -mfloat-abi=softfp -mfpu=vfpv3-d16 -fdata-sections -ffunction-sections -Wa,--noexecstack    -fsigned-char -W -Wall -Werror=return-type -Werror=non-virtual-dtor -Werror=address -Werror=sequence-point -Wformat -Werror=format-security -Wmissing-declarations -Wmissing-prototypes -Wstrict-prototypes -Wundef -Winit-self -Wpointer-arith -Wshadow -Wno-narrowing -fdiagnostics-show-option -fomit-frame-pointer -fvisibility=hidden   -mthumb -fomit-frame-pointer -fno-strict-aliasing -O3 -DNDEBUG -isystem /home/thomas/build/android-ndk-r9d/platforms/android-8/arch-arm/usr/include -isystem /home/thomas/build/android-ndk-r9d/sources/cxx-stl/gnu-libstdc++/4.8/include -isystem /home/thomas/build/android-ndk-r9d/sources/cxx-stl/gnu-libstdc++/4.8/libs/armeabi-v7a/include    -o CMakeFiles/cmTryCompileExec.dir/CheckIncludeFile.c.o   -c /home/thomas/build/misc/openCV/work/platforms/build_android_arm/CMakeFiles/CMakeTmp/CheckIncludeFile.c
Linking C executable cmTryCompileExec
/usr/bin/cmake -E cmake_link_script CMakeFiles/cmTryCompileExec.dir/link.txt --verbose=1
/home/thomas/build/android-ndk-r9d/toolchains/arm-linux-androideabi-4.8/prebuilt/linux-x86_64/bin/arm-linux-androideabi-gcc   -fexceptions -Wno-psabi --sysroot=/home/thomas/build/android-ndk-r9d/platforms/android-8/arch-arm -fpic -funwind-tables -finline-limit=64 -fsigned-char -no-canonical-prefixes -march=armv7-a -mfloat-abi=softfp -mfpu=vfpv3-d16 -fdata-sections -ffunction-sections -Wa,--noexecstack    -fsigned-char -W -Wall -Werror=return-type -Werror=non-virtual-dtor -Werror=address -Werror=sequence-point -Wformat -Werror=format-security -Wmissing-declarations -Wmissing-prototypes -Wstrict-prototypes -Wundef -Winit-self -Wpointer-arith -Wshadow -Wno-narrowing -fdiagnostics-show-option -fomit-frame-pointer -fvisibility=hidden   -mthumb -fomit-frame-pointer -fno-strict-aliasing -O3 -DNDEBUG   -Wl,--fix-cortex-a8 -fopenmp -Wl,--no-undefined -Wl,--gc-sections -Wl,-z,noexecstack -Wl,-z,relro -Wl,-z,now -Wl,-z,nocopyreloc CMakeFiles/cmTryCompileExec.dir/CheckIncludeFile.c.o -o cmTryCompileExec -rdynamic -L/libs/armeabi-v7a  "/home/thomas/build/android-ndk-r9d/sources/cxx-stl/gnu-libstdc++/4.8/libs/armeabi-v7a/libsupc++.a"
make[1]: Leaving directory `/home/thomas/build/misc/openCV/work/platforms/build_android_arm/CMakeFiles/CMakeTmp'


Determining size of unsigned short passed with the following output:
Change Dir: /home/thomas/build/misc/openCV/work/platforms/build_android_arm/CMakeFiles/CMakeTmp

Run Build Command:/usr/bin/make "cmTryCompileExec/fast"
/usr/bin/make -f CMakeFiles/cmTryCompileExec.dir/build.make CMakeFiles/cmTryCompileExec.dir/build
make[1]: Entering directory `/home/thomas/build/misc/openCV/work/platforms/build_android_arm/CMakeFiles/CMakeTmp'
/usr/bin/cmake -E cmake_progress_report /home/thomas/build/misc/openCV/work/platforms/build_android_arm/CMakeFiles/CMakeTmp/CMakeFiles 1
Building C object CMakeFiles/cmTryCompileExec.dir/CMAKE_SIZEOF_UNSIGNED_SHORT.c.o
/home/thomas/build/android-ndk-r9d/toolchains/arm-linux-androideabi-4.8/prebuilt/linux-x86_64/bin/arm-linux-androideabi-gcc  -DANDROID -fexceptions -Wno-psabi --sysroot=/home/thomas/build/android-ndk-r9d/platforms/android-8/arch-arm -fpic -funwind-tables -finline-limit=64 -fsigned-char -no-canonical-prefixes -march=armv7-a -mfloat-abi=softfp -mfpu=vfpv3-d16 -fdata-sections -ffunction-sections -Wa,--noexecstack    -fsigned-char -W -Wall -Werror=return-type -Werror=non-virtual-dtor -Werror=address -Werror=sequence-point -Wformat -Werror=format-security -Wmissing-declarations -Wmissing-prototypes -Wstrict-prototypes -Wundef -Winit-self -Wpointer-arith -Wshadow -Wno-narrowing -fdiagnostics-show-option -fomit-frame-pointer -fvisibility=hidden   -mthumb -fomit-frame-pointer -fno-strict-aliasing -O3 -DNDEBUG -isystem /home/thomas/build/android-ndk-r9d/platforms/android-8/arch-arm/usr/include -isystem /home/thomas/build/android-ndk-r9d/sources/cxx-stl/gnu-libstdc++/4.8/include -isystem /home/thomas/build/android-ndk-r9d/sources/cxx-stl/gnu-libstdc++/4.8/libs/armeabi-v7a/include    -o CMakeFiles/cmTryCompileExec.dir/CMAKE_SIZEOF_UNSIGNED_SHORT.c.o   -c /home/thomas/build/misc/openCV/work/platforms/build_android_arm/CMakeFiles/CheckTypeSize/CMAKE_SIZEOF_UNSIGNED_SHORT.c
Linking C executable cmTryCompileExec
/usr/bin/cmake -E cmake_link_script CMakeFiles/cmTryCompileExec.dir/link.txt --verbose=1
/home/thomas/build/android-ndk-r9d/toolchains/arm-linux-androideabi-4.8/prebuilt/linux-x86_64/bin/arm-linux-androideabi-gcc   -fexceptions -Wno-psabi --sysroot=/home/thomas/build/android-ndk-r9d/platforms/android-8/arch-arm -fpic -funwind-tables -finline-limit=64 -fsigned-char -no-canonical-prefixes -march=armv7-a -mfloat-abi=softfp -mfpu=vfpv3-d16 -fdata-sections -ffunction-sections -Wa,--noexecstack    -fsigned-char -W -Wall -Werror=return-type -Werror=non-virtual-dtor -Werror=address -Werror=sequence-point -Wformat -Werror=format-security -Wmissing-declarations -Wmissing-prototypes -Wstrict-prototypes -Wundef -Winit-self -Wpointer-arith -Wshadow -Wno-narrowing -fdiagnostics-show-option -fomit-frame-pointer -fvisibility=hidden   -mthumb -fomit-frame-pointer -fno-strict-aliasing -O3 -DNDEBUG   -Wl,--fix-cortex-a8 -fopenmp -Wl,--no-undefined -Wl,--gc-sections -Wl,-z,noexecstack -Wl,-z,relro -Wl,-z,now -Wl,-z,nocopyreloc CMakeFiles/cmTryCompileExec.dir/CMAKE_SIZEOF_UNSIGNED_SHORT.c.o -o cmTryCompileExec -rdynamic -L/libs/armeabi-v7a  "/home/thomas/build/android-ndk-r9d/sources/cxx-stl/gnu-libstdc++/4.8/libs/armeabi-v7a/libsupc++.a"
make[1]: Leaving directory `/home/thomas/build/misc/openCV/work/platforms/build_android_arm/CMakeFiles/CMakeTmp'


Determining if the include file assert.h exists passed with the following output:
Change Dir: /home/thomas/build/misc/openCV/work/platforms/build_android_arm/CMakeFiles/CMakeTmp

Run Build Command:/usr/bin/make "cmTryCompileExec/fast"
/usr/bin/make -f CMakeFiles/cmTryCompileExec.dir/build.make CMakeFiles/cmTryCompileExec.dir/build
make[1]: Entering directory `/home/thomas/build/misc/openCV/work/platforms/build_android_arm/CMakeFiles/CMakeTmp'
/usr/bin/cmake -E cmake_progress_report /home/thomas/build/misc/openCV/work/platforms/build_android_arm/CMakeFiles/CMakeTmp/CMakeFiles 1
Building C object CMakeFiles/cmTryCompileExec.dir/CheckIncludeFile.c.o
/home/thomas/build/android-ndk-r9d/toolchains/arm-linux-androideabi-4.8/prebuilt/linux-x86_64/bin/arm-linux-androideabi-gcc  -DANDROID -fexceptions -Wno-psabi --sysroot=/home/thomas/build/android-ndk-r9d/platforms/android-8/arch-arm -fpic -funwind-tables -finline-limit=64 -fsigned-char -no-canonical-prefixes -march=armv7-a -mfloat-abi=softfp -mfpu=vfpv3-d16 -fdata-sections -ffunction-sections -Wa,--noexecstack    -fsigned-char -W -Wall -Werror=return-type -Werror=non-virtual-dtor -Werror=address -Werror=sequence-point -Wformat -Werror=format-security -Wmissing-declarations -Wmissing-prototypes -Wstrict-prototypes -Wundef -Winit-self -Wpointer-arith -Wshadow -Wno-narrowing -fdiagnostics-show-option -fomit-frame-pointer -fvisibility=hidden   -mthumb -fomit-frame-pointer -fno-strict-aliasing -O3 -DNDEBUG -isystem /home/thomas/build/android-ndk-r9d/platforms/android-8/arch-arm/usr/include -isystem /home/thomas/build/android-ndk-r9d/sources/cxx-stl/gnu-libstdc++/4.8/include -isystem /home/thomas/build/android-ndk-r9d/sources/cxx-stl/gnu-libstdc++/4.8/libs/armeabi-v7a/include    -o CMakeFiles/cmTryCompileExec.dir/CheckIncludeFile.c.o   -c /home/thomas/build/misc/openCV/work/platforms/build_android_arm/CMakeFiles/CMakeTmp/CheckIncludeFile.c
Linking C executable cmTryCompileExec
/usr/bin/cmake -E cmake_link_script CMakeFiles/cmTryCompileExec.dir/link.txt --verbose=1
/home/thomas/build/android-ndk-r9d/toolchains/arm-linux-androideabi-4.8/prebuilt/linux-x86_64/bin/arm-linux-androideabi-gcc   -fexceptions -Wno-psabi --sysroot=/home/thomas/build/android-ndk-r9d/platforms/android-8/arch-arm -fpic -funwind-tables -finline-limit=64 -fsigned-char -no-canonical-prefixes -march=armv7-a -mfloat-abi=softfp -mfpu=vfpv3-d16 -fdata-sections -ffunction-sections -Wa,--noexecstack    -fsigned-char -W -Wall -Werror=return-type -Werror=non-virtual-dtor -Werror=address -Werror=sequence-point -Wformat -Werror=format-security -Wmissing-declarations -Wmissing-prototypes -Wstrict-prototypes -Wundef -Winit-self -Wpointer-arith -Wshadow -Wno-narrowing -fdiagnostics-show-option -fomit-frame-pointer -fvisibility=hidden   -mthumb -fomit-frame-pointer -fno-strict-aliasing -O3 -DNDEBUG   -Wl,--fix-cortex-a8 -fopenmp -Wl,--no-undefined -Wl,--gc-sections -Wl,-z,noexecstack -Wl,-z,relro -Wl,-z,now -Wl,-z,nocopyreloc CMakeFiles/cmTryCompileExec.dir/CheckIncludeFile.c.o -o cmTryCompileExec -rdynamic -L/libs/armeabi-v7a  "/home/thomas/build/android-ndk-r9d/sources/cxx-stl/gnu-libstdc++/4.8/libs/armeabi-v7a/libsupc++.a"
make[1]: Leaving directory `/home/thomas/build/misc/openCV/work/platforms/build_android_arm/CMakeFiles/CMakeTmp'


Determining if the include file fcntl.h exists passed with the following output:
Change Dir: /home/thomas/build/misc/openCV/work/platforms/build_android_arm/CMakeFiles/CMakeTmp

Run Build Command:/usr/bin/make "cmTryCompileExec/fast"
/usr/bin/make -f CMakeFiles/cmTryCompileExec.dir/build.make CMakeFiles/cmTryCompileExec.dir/build
make[1]: Entering directory `/home/thomas/build/misc/openCV/work/platforms/build_android_arm/CMakeFiles/CMakeTmp'
/usr/bin/cmake -E cmake_progress_report /home/thomas/build/misc/openCV/work/platforms/build_android_arm/CMakeFiles/CMakeTmp/CMakeFiles 1
Building C object CMakeFiles/cmTryCompileExec.dir/CheckIncludeFile.c.o
/home/thomas/build/android-ndk-r9d/toolchains/arm-linux-androideabi-4.8/prebuilt/linux-x86_64/bin/arm-linux-androideabi-gcc  -DANDROID -fexceptions -Wno-psabi --sysroot=/home/thomas/build/android-ndk-r9d/platforms/android-8/arch-arm -fpic -funwind-tables -finline-limit=64 -fsigned-char -no-canonical-prefixes -march=armv7-a -mfloat-abi=softfp -mfpu=vfpv3-d16 -fdata-sections -ffunction-sections -Wa,--noexecstack    -fsigned-char -W -Wall -Werror=return-type -Werror=non-virtual-dtor -Werror=address -Werror=sequence-point -Wformat -Werror=format-security -Wmissing-declarations -Wmissing-prototypes -Wstrict-prototypes -Wundef -Winit-self -Wpointer-arith -Wshadow -Wno-narrowing -fdiagnostics-show-option -fomit-frame-pointer -fvisibility=hidden   -mthumb -fomit-frame-pointer -fno-strict-aliasing -O3 -DNDEBUG -isystem /home/thomas/build/android-ndk-r9d/platforms/android-8/arch-arm/usr/include -isystem /home/thomas/build/android-ndk-r9d/sources/cxx-stl/gnu-libstdc++/4.8/include -isystem /home/thomas/build/android-ndk-r9d/sources/cxx-stl/gnu-libstdc++/4.8/libs/armeabi-v7a/include    -o CMakeFiles/cmTryCompileExec.dir/CheckIncludeFile.c.o   -c /home/thomas/build/misc/openCV/work/platforms/build_android_arm/CMakeFiles/CMakeTmp/CheckIncludeFile.c
Linking C executable cmTryCompileExec
/usr/bin/cmake -E cmake_link_script CMakeFiles/cmTryCompileExec.dir/link.txt --verbose=1
/home/thomas/build/android-ndk-r9d/toolchains/arm-linux-androideabi-4.8/prebuilt/linux-x86_64/bin/arm-linux-androideabi-gcc   -fexceptions -Wno-psabi --sysroot=/home/thomas/build/android-ndk-r9d/platforms/android-8/arch-arm -fpic -funwind-tables -finline-limit=64 -fsigned-char -no-canonical-prefixes -march=armv7-a -mfloat-abi=softfp -mfpu=vfpv3-d16 -fdata-sections -ffunction-sections -Wa,--noexecstack    -fsigned-char -W -Wall -Werror=return-type -Werror=non-virtual-dtor -Werror=address -Werror=sequence-point -Wformat -Werror=format-security -Wmissing-declarations -Wmissing-prototypes -Wstrict-prototypes -Wundef -Winit-self -Wpointer-arith -Wshadow -Wno-narrowing -fdiagnostics-show-option -fomit-frame-pointer -fvisibility=hidden   -mthumb -fomit-frame-pointer -fno-strict-aliasing -O3 -DNDEBUG   -Wl,--fix-cortex-a8 -fopenmp -Wl,--no-undefined -Wl,--gc-sections -Wl,-z,noexecstack -Wl,-z,relro -Wl,-z,now -Wl,-z,nocopyreloc CMakeFiles/cmTryCompileExec.dir/CheckIncludeFile.c.o -o cmTryCompileExec -rdynamic -L/libs/armeabi-v7a  "/home/thomas/build/android-ndk-r9d/sources/cxx-stl/gnu-libstdc++/4.8/libs/armeabi-v7a/libsupc++.a"
make[1]: Leaving directory `/home/thomas/build/misc/openCV/work/platforms/build_android_arm/CMakeFiles/CMakeTmp'


Determining if the function mmap exists passed with the following output:
Change Dir: /home/thomas/build/misc/openCV/work/platforms/build_android_arm/CMakeFiles/CMakeTmp

Run Build Command:/usr/bin/make "cmTryCompileExec/fast"
/usr/bin/make -f CMakeFiles/cmTryCompileExec.dir/build.make CMakeFiles/cmTryCompileExec.dir/build
make[1]: Entering directory `/home/thomas/build/misc/openCV/work/platforms/build_android_arm/CMakeFiles/CMakeTmp'
/usr/bin/cmake -E cmake_progress_report /home/thomas/build/misc/openCV/work/platforms/build_android_arm/CMakeFiles/CMakeTmp/CMakeFiles 1
Building C object CMakeFiles/cmTryCompileExec.dir/CheckFunctionExists.c.o
/home/thomas/build/android-ndk-r9d/toolchains/arm-linux-androideabi-4.8/prebuilt/linux-x86_64/bin/arm-linux-androideabi-gcc  -DANDROID -fexceptions -Wno-psabi --sysroot=/home/thomas/build/android-ndk-r9d/platforms/android-8/arch-arm -fpic -funwind-tables -finline-limit=64 -fsigned-char -no-canonical-prefixes -march=armv7-a -mfloat-abi=softfp -mfpu=vfpv3-d16 -fdata-sections -ffunction-sections -Wa,--noexecstack    -fsigned-char -W -Wall -Werror=return-type -Werror=non-virtual-dtor -Werror=address -Werror=sequence-point -Wformat -Werror=format-security -Wmissing-declarations -Wmissing-prototypes -Wstrict-prototypes -Wundef -Winit-self -Wpointer-arith -Wshadow -Wno-narrowing -fdiagnostics-show-option -fomit-frame-pointer -fvisibility=hidden  -DCHECK_FUNCTION_EXISTS=mmap -mthumb -fomit-frame-pointer -fno-strict-aliasing -O3 -DNDEBUG -isystem /home/thomas/build/android-ndk-r9d/platforms/android-8/arch-arm/usr/include -isystem /home/thomas/build/android-ndk-r9d/sources/cxx-stl/gnu-libstdc++/4.8/include -isystem /home/thomas/build/android-ndk-r9d/sources/cxx-stl/gnu-libstdc++/4.8/libs/armeabi-v7a/include    -o CMakeFiles/cmTryCompileExec.dir/CheckFunctionExists.c.o   -c /usr/share/cmake-2.8/Modules/CheckFunctionExists.c
/usr/share/cmake-2.8/Modules/CheckFunctionExists.c:3:1: warning: function declaration isn't a prototype [-Wstrict-prototypes]
 char CHECK_FUNCTION_EXISTS();
 ^
Linking C executable cmTryCompileExec
/usr/bin/cmake -E cmake_link_script CMakeFiles/cmTryCompileExec.dir/link.txt --verbose=1
/home/thomas/build/android-ndk-r9d/toolchains/arm-linux-androideabi-4.8/prebuilt/linux-x86_64/bin/arm-linux-androideabi-gcc   -fexceptions -Wno-psabi --sysroot=/home/thomas/build/android-ndk-r9d/platforms/android-8/arch-arm -fpic -funwind-tables -finline-limit=64 -fsigned-char -no-canonical-prefixes -march=armv7-a -mfloat-abi=softfp -mfpu=vfpv3-d16 -fdata-sections -ffunction-sections -Wa,--noexecstack    -fsigned-char -W -Wall -Werror=return-type -Werror=non-virtual-dtor -Werror=address -Werror=sequence-point -Wformat -Werror=format-security -Wmissing-declarations -Wmissing-prototypes -Wstrict-prototypes -Wundef -Winit-self -Wpointer-arith -Wshadow -Wno-narrowing -fdiagnostics-show-option -fomit-frame-pointer -fvisibility=hidden  -DCHECK_FUNCTION_EXISTS=mmap -mthumb -fomit-frame-pointer -fno-strict-aliasing -O3 -DNDEBUG   -Wl,--fix-cortex-a8 -fopenmp -Wl,--no-undefined -Wl,--gc-sections -Wl,-z,noexecstack -Wl,-z,relro -Wl,-z,now -Wl,-z,nocopyreloc CMakeFiles/cmTryCompileExec.dir/CheckFunctionExists.c.o -o cmTryCompileExec -rdynamic -L/libs/armeabi-v7a  "/home/thomas/build/android-ndk-r9d/sources/cxx-stl/gnu-libstdc++/4.8/libs/armeabi-v7a/libsupc++.a"
make[1]: Leaving directory `/home/thomas/build/misc/openCV/work/platforms/build_android_arm/CMakeFiles/CMakeTmp'


Determining if the include file string.h exists passed with the following output:
Change Dir: /home/thomas/build/misc/openCV/work/platforms/build_android_arm/CMakeFiles/CMakeTmp

Run Build Command:/usr/bin/make "cmTryCompileExec/fast"
/usr/bin/make -f CMakeFiles/cmTryCompileExec.dir/build.make CMakeFiles/cmTryCompileExec.dir/build
make[1]: Entering directory `/home/thomas/build/misc/openCV/work/platforms/build_android_arm/CMakeFiles/CMakeTmp'
/usr/bin/cmake -E cmake_progress_report /home/thomas/build/misc/openCV/work/platforms/build_android_arm/CMakeFiles/CMakeTmp/CMakeFiles 1
Building C object CMakeFiles/cmTryCompileExec.dir/CheckIncludeFile.c.o
/home/thomas/build/android-ndk-r9d/toolchains/arm-linux-androideabi-4.8/prebuilt/linux-x86_64/bin/arm-linux-androideabi-gcc  -DANDROID -fexceptions -Wno-psabi --sysroot=/home/thomas/build/android-ndk-r9d/platforms/android-8/arch-arm -fpic -funwind-tables -finline-limit=64 -fsigned-char -no-canonical-prefixes -march=armv7-a -mfloat-abi=softfp -mfpu=vfpv3-d16 -fdata-sections -ffunction-sections -Wa,--noexecstack    -fsigned-char -W -Wall -Werror=return-type -Werror=non-virtual-dtor -Werror=address -Werror=sequence-point -Wformat -Werror=format-security -Wmissing-declarations -Wmissing-prototypes -Wstrict-prototypes -Wundef -Winit-self -Wpointer-arith -Wshadow -Wno-narrowing -fdiagnostics-show-option -fomit-frame-pointer -fvisibility=hidden   -mthumb -fomit-frame-pointer -fno-strict-aliasing -O3 -DNDEBUG -isystem /home/thomas/build/android-ndk-r9d/platforms/android-8/arch-arm/usr/include -isystem /home/thomas/build/android-ndk-r9d/sources/cxx-stl/gnu-libstdc++/4.8/include -isystem /home/thomas/build/android-ndk-r9d/sources/cxx-stl/gnu-libstdc++/4.8/libs/armeabi-v7a/include    -o CMakeFiles/cmTryCompileExec.dir/CheckIncludeFile.c.o   -c /home/thomas/build/misc/openCV/work/platforms/build_android_arm/CMakeFiles/CMakeTmp/CheckIncludeFile.c
Linking C executable cmTryCompileExec
/usr/bin/cmake -E cmake_link_script CMakeFiles/cmTryCompileExec.dir/link.txt --verbose=1
/home/thomas/build/android-ndk-r9d/toolchains/arm-linux-androideabi-4.8/prebuilt/linux-x86_64/bin/arm-linux-androideabi-gcc   -fexceptions -Wno-psabi --sysroot=/home/thomas/build/android-ndk-r9d/platforms/android-8/arch-arm -fpic -funwind-tables -finline-limit=64 -fsigned-char -no-canonical-prefixes -march=armv7-a -mfloat-abi=softfp -mfpu=vfpv3-d16 -fdata-sections -ffunction-sections -Wa,--noexecstack    -fsigned-char -W -Wall -Werror=return-type -Werror=non-virtual-dtor -Werror=address -Werror=sequence-point -Wformat -Werror=format-security -Wmissing-declarations -Wmissing-prototypes -Wstrict-prototypes -Wundef -Winit-self -Wpointer-arith -Wshadow -Wno-narrowing -fdiagnostics-show-option -fomit-frame-pointer -fvisibility=hidden   -mthumb -fomit-frame-pointer -fno-strict-aliasing -O3 -DNDEBUG   -Wl,--fix-cortex-a8 -fopenmp -Wl,--no-undefined -Wl,--gc-sections -Wl,-z,noexecstack -Wl,-z,relro -Wl,-z,now -Wl,-z,nocopyreloc CMakeFiles/cmTryCompileExec.dir/CheckIncludeFile.c.o -o cmTryCompileExec -rdynamic -L/libs/armeabi-v7a  "/home/thomas/build/android-ndk-r9d/sources/cxx-stl/gnu-libstdc++/4.8/libs/armeabi-v7a/libsupc++.a"
make[1]: Leaving directory `/home/thomas/build/misc/openCV/work/platforms/build_android_arm/CMakeFiles/CMakeTmp'


Determining if the include file unistd.h exists passed with the following output:
Change Dir: /home/thomas/build/misc/openCV/work/platforms/build_android_arm/CMakeFiles/CMakeTmp

Run Build Command:/usr/bin/make "cmTryCompileExec/fast"
/usr/bin/make -f CMakeFiles/cmTryCompileExec.dir/build.make CMakeFiles/cmTryCompileExec.dir/build
make[1]: Entering directory `/home/thomas/build/misc/openCV/work/platforms/build_android_arm/CMakeFiles/CMakeTmp'
/usr/bin/cmake -E cmake_progress_report /home/thomas/build/misc/openCV/work/platforms/build_android_arm/CMakeFiles/CMakeTmp/CMakeFiles 1
Building C object CMakeFiles/cmTryCompileExec.dir/CheckIncludeFile.c.o
/home/thomas/build/android-ndk-r9d/toolchains/arm-linux-androideabi-4.8/prebuilt/linux-x86_64/bin/arm-linux-androideabi-gcc  -DANDROID -fexceptions -Wno-psabi --sysroot=/home/thomas/build/android-ndk-r9d/platforms/android-8/arch-arm -fpic -funwind-tables -finline-limit=64 -fsigned-char -no-canonical-prefixes -march=armv7-a -mfloat-abi=softfp -mfpu=vfpv3-d16 -fdata-sections -ffunction-sections -Wa,--noexecstack    -fsigned-char -W -Wall -Werror=return-type -Werror=non-virtual-dtor -Werror=address -Werror=sequence-point -Wformat -Werror=format-security -Wmissing-declarations -Wmissing-prototypes -Wstrict-prototypes -Wundef -Winit-self -Wpointer-arith -Wshadow -Wno-narrowing -fdiagnostics-show-option -fomit-frame-pointer -fvisibility=hidden   -mthumb -fomit-frame-pointer -fno-strict-aliasing -O3 -DNDEBUG -isystem /home/thomas/build/android-ndk-r9d/platforms/android-8/arch-arm/usr/include -isystem /home/thomas/build/android-ndk-r9d/sources/cxx-stl/gnu-libstdc++/4.8/include -isystem /home/thomas/build/android-ndk-r9d/sources/cxx-stl/gnu-libstdc++/4.8/libs/armeabi-v7a/include    -o CMakeFiles/cmTryCompileExec.dir/CheckIncludeFile.c.o   -c /home/thomas/build/misc/openCV/work/platforms/build_android_arm/CMakeFiles/CMakeTmp/CheckIncludeFile.c
Linking C executable cmTryCompileExec
/usr/bin/cmake -E cmake_link_script CMakeFiles/cmTryCompileExec.dir/link.txt --verbose=1
/home/thomas/build/android-ndk-r9d/toolchains/arm-linux-androideabi-4.8/prebuilt/linux-x86_64/bin/arm-linux-androideabi-gcc   -fexceptions -Wno-psabi --sysroot=/home/thomas/build/android-ndk-r9d/platforms/android-8/arch-arm -fpic -funwind-tables -finline-limit=64 -fsigned-char -no-canonical-prefixes -march=armv7-a -mfloat-abi=softfp -mfpu=vfpv3-d16 -fdata-sections -ffunction-sections -Wa,--noexecstack    -fsigned-char -W -Wall -Werror=return-type -Werror=non-virtual-dtor -Werror=address -Werror=sequence-point -Wformat -Werror=format-security -Wmissing-declarations -Wmissing-prototypes -Wstrict-prototypes -Wundef -Winit-self -Wpointer-arith -Wshadow -Wno-narrowing -fdiagnostics-show-option -fomit-frame-pointer -fvisibility=hidden   -mthumb -fomit-frame-pointer -fno-strict-aliasing -O3 -DNDEBUG   -Wl,--fix-cortex-a8 -fopenmp -Wl,--no-undefined -Wl,--gc-sections -Wl,-z,noexecstack -Wl,-z,relro -Wl,-z,now -Wl,-z,nocopyreloc CMakeFiles/cmTryCompileExec.dir/CheckIncludeFile.c.o -o cmTryCompileExec -rdynamic -L/libs/armeabi-v7a  "/home/thomas/build/android-ndk-r9d/sources/cxx-stl/gnu-libstdc++/4.8/libs/armeabi-v7a/libsupc++.a"
make[1]: Leaving directory `/home/thomas/build/misc/openCV/work/platforms/build_android_arm/CMakeFiles/CMakeTmp'


Determining if the include file semaphore.h exists passed with the following output:
Change Dir: /home/thomas/build/misc/openCV/work/platforms/build_android_arm/CMakeFiles/CMakeTmp

Run Build Command:/usr/bin/make "cmTryCompileExec/fast"
/usr/bin/make -f CMakeFiles/cmTryCompileExec.dir/build.make CMakeFiles/cmTryCompileExec.dir/build
make[1]: Entering directory `/home/thomas/build/misc/openCV/work/platforms/build_android_arm/CMakeFiles/CMakeTmp'
/usr/bin/cmake -E cmake_progress_report /home/thomas/build/misc/openCV/work/platforms/build_android_arm/CMakeFiles/CMakeTmp/CMakeFiles 1
Building C object CMakeFiles/cmTryCompileExec.dir/CheckIncludeFile.c.o
/home/thomas/build/android-ndk-r9d/toolchains/arm-linux-androideabi-4.8/prebuilt/linux-x86_64/bin/arm-linux-androideabi-gcc  -DANDROID -fexceptions -Wno-psabi --sysroot=/home/thomas/build/android-ndk-r9d/platforms/android-8/arch-arm -fpic -funwind-tables -finline-limit=64 -fsigned-char -no-canonical-prefixes -march=armv7-a -mfloat-abi=softfp -mfpu=vfpv3-d16 -fdata-sections -ffunction-sections -Wa,--noexecstack    -fsigned-char -W -Wall -Werror=return-type -Werror=non-virtual-dtor -Werror=address -Werror=sequence-point -Wformat -Werror=format-security -Wmissing-declarations -Wmissing-prototypes -Wstrict-prototypes -Wundef -Winit-self -Wpointer-arith -Wshadow -Wno-narrowing -fdiagnostics-show-option -fomit-frame-pointer -fvisibility=hidden   -mthumb -fomit-frame-pointer -fno-strict-aliasing -O3 -DNDEBUG -isystem /home/thomas/build/android-ndk-r9d/platforms/android-8/arch-arm/usr/include -isystem /home/thomas/build/android-ndk-r9d/sources/cxx-stl/gnu-libstdc++/4.8/include -isystem /home/thomas/build/android-ndk-r9d/sources/cxx-stl/gnu-libstdc++/4.8/libs/armeabi-v7a/include    -o CMakeFiles/cmTryCompileExec.dir/CheckIncludeFile.c.o   -c /home/thomas/build/misc/openCV/work/platforms/build_android_arm/CMakeFiles/CMakeTmp/CheckIncludeFile.c
Linking C executable cmTryCompileExec
/usr/bin/cmake -E cmake_link_script CMakeFiles/cmTryCompileExec.dir/link.txt --verbose=1
/home/thomas/build/android-ndk-r9d/toolchains/arm-linux-androideabi-4.8/prebuilt/linux-x86_64/bin/arm-linux-androideabi-gcc   -fexceptions -Wno-psabi --sysroot=/home/thomas/build/android-ndk-r9d/platforms/android-8/arch-arm -fpic -funwind-tables -finline-limit=64 -fsigned-char -no-canonical-prefixes -march=armv7-a -mfloat-abi=softfp -mfpu=vfpv3-d16 -fdata-sections -ffunction-sections -Wa,--noexecstack    -fsigned-char -W -Wall -Werror=return-type -Werror=non-virtual-dtor -Werror=address -Werror=sequence-point -Wformat -Werror=format-security -Wmissing-declarations -Wmissing-prototypes -Wstrict-prototypes -Wundef -Winit-self -Wpointer-arith -Wshadow -Wno-narrowing -fdiagnostics-show-option -fomit-frame-pointer -fvisibility=hidden   -mthumb -fomit-frame-pointer -fno-strict-aliasing -O3 -DNDEBUG   -Wl,--fix-cortex-a8 -fopenmp -Wl,--no-undefined -Wl,--gc-sections -Wl,-z,noexecstack -Wl,-z,relro -Wl,-z,now -Wl,-z,nocopyreloc CMakeFiles/cmTryCompileExec.dir/CheckIncludeFile.c.o -o cmTryCompileExec -rdynamic -L/libs/armeabi-v7a  "/home/thomas/build/android-ndk-r9d/sources/cxx-stl/gnu-libstdc++/4.8/libs/armeabi-v7a/libsupc++.a"
make[1]: Leaving directory `/home/thomas/build/misc/openCV/work/platforms/build_android_arm/CMakeFiles/CMakeTmp'


Performing C SOURCE FILE Test OpenMP_FLAG_DETECTED succeded with the following output:
Change Dir: /home/thomas/build/misc/openCV/work/platforms/build_android_arm/CMakeFiles/CMakeTmp

Run Build Command:/usr/bin/make "cmTryCompileExec/fast"
/usr/bin/make -f CMakeFiles/cmTryCompileExec.dir/build.make CMakeFiles/cmTryCompileExec.dir/build
make[1]: Entering directory `/home/thomas/build/misc/openCV/work/platforms/build_android_arm/CMakeFiles/CMakeTmp'
/usr/bin/cmake -E cmake_progress_report /home/thomas/build/misc/openCV/work/platforms/build_android_arm/CMakeFiles/CMakeTmp/CMakeFiles 1
Building C object CMakeFiles/cmTryCompileExec.dir/src.c.o
/home/thomas/build/android-ndk-r9d/toolchains/arm-linux-androideabi-4.8/prebuilt/linux-x86_64/bin/arm-linux-androideabi-gcc  -DANDROID -fexceptions -Wno-psabi --sysroot=/home/thomas/build/android-ndk-r9d/platforms/android-8/arch-arm -fpic -funwind-tables -finline-limit=64 -fsigned-char -no-canonical-prefixes -march=armv7-a -mfloat-abi=softfp -mfpu=vfpv3-d16 -fdata-sections -ffunction-sections -Wa,--noexecstack    -fsigned-char -W -Wall -Werror=return-type -Werror=non-virtual-dtor -Werror=address -Werror=sequence-point -Wformat -Werror=format-security -Wmissing-declarations -Wmissing-prototypes -Wstrict-prototypes -Wundef -Winit-self -Wpointer-arith -Wshadow -Wno-narrowing -fdiagnostics-show-option -fomit-frame-pointer -fvisibility=hidden  -DOpenMP_FLAG_DETECTED -fopenmp -mthumb -fomit-frame-pointer -fno-strict-aliasing -O3 -DNDEBUG -isystem /home/thomas/build/android-ndk-r9d/platforms/android-8/arch-arm/usr/include -isystem /home/thomas/build/android-ndk-r9d/sources/cxx-stl/gnu-libstdc++/4.8/include -isystem /home/thomas/build/android-ndk-r9d/sources/cxx-stl/gnu-libstdc++/4.8/libs/armeabi-v7a/include    -o CMakeFiles/cmTryCompileExec.dir/src.c.o   -c /home/thomas/build/misc/openCV/work/platforms/build_android_arm/CMakeFiles/CMakeTmp/src.c
/home/thomas/build/misc/openCV/work/platforms/build_android_arm/CMakeFiles/CMakeTmp/src.c:3:5: warning: function declaration isn't a prototype [-Wstrict-prototypes]
 int main() { 
     ^
Linking C executable cmTryCompileExec
/usr/bin/cmake -E cmake_link_script CMakeFiles/cmTryCompileExec.dir/link.txt --verbose=1
/home/thomas/build/android-ndk-r9d/toolchains/arm-linux-androideabi-4.8/prebuilt/linux-x86_64/bin/arm-linux-androideabi-gcc   -fexceptions -Wno-psabi --sysroot=/home/thomas/build/android-ndk-r9d/platforms/android-8/arch-arm -fpic -funwind-tables -finline-limit=64 -fsigned-char -no-canonical-prefixes -march=armv7-a -mfloat-abi=softfp -mfpu=vfpv3-d16 -fdata-sections -ffunction-sections -Wa,--noexecstack    -fsigned-char -W -Wall -Werror=return-type -Werror=non-virtual-dtor -Werror=address -Werror=sequence-point -Wformat -Werror=format-security -Wmissing-declarations -Wmissing-prototypes -Wstrict-prototypes -Wundef -Winit-self -Wpointer-arith -Wshadow -Wno-narrowing -fdiagnostics-show-option -fomit-frame-pointer -fvisibility=hidden  -DOpenMP_FLAG_DETECTED -fopenmp -mthumb -fomit-frame-pointer -fno-strict-aliasing -O3 -DNDEBUG   -Wl,--fix-cortex-a8 -fopenmp -Wl,--no-undefined -Wl,--gc-sections -Wl,-z,noexecstack -Wl,-z,relro -Wl,-z,now -Wl,-z,nocopyreloc CMakeFiles/cmTryCompileExec.dir/src.c.o -o cmTryCompileExec -rdynamic -L/libs/armeabi-v7a  "/home/thomas/build/android-ndk-r9d/sources/cxx-stl/gnu-libstdc++/4.8/libs/armeabi-v7a/libsupc++.a"
make[1]: Leaving directory `/home/thomas/build/misc/openCV/work/platforms/build_android_arm/CMakeFiles/CMakeTmp'

Source file was:

#include <omp.h>
int main() { 
#ifdef _OPENMP
  return 0; 
#else
  breaks_on_purpose
#endif
}

Performing C++ SOURCE FILE Test OpenMP_FLAG_DETECTED succeded with the following output:
Change Dir: /home/thomas/build/misc/openCV/work/platforms/build_android_arm/CMakeFiles/CMakeTmp

Run Build Command:/usr/bin/make "cmTryCompileExec/fast"
/usr/bin/make -f CMakeFiles/cmTryCompileExec.dir/build.make CMakeFiles/cmTryCompileExec.dir/build
make[1]: Entering directory `/home/thomas/build/misc/openCV/work/platforms/build_android_arm/CMakeFiles/CMakeTmp'
/usr/bin/cmake -E cmake_progress_report /home/thomas/build/misc/openCV/work/platforms/build_android_arm/CMakeFiles/CMakeTmp/CMakeFiles 1
Building CXX object CMakeFiles/cmTryCompileExec.dir/src.cxx.o
/home/thomas/build/android-ndk-r9d/toolchains/arm-linux-androideabi-4.8/prebuilt/linux-x86_64/bin/arm-linux-androideabi-g++   -DANDROID -fexceptions -frtti -Wno-psabi --sysroot=/home/thomas/build/android-ndk-r9d/platforms/android-8/arch-arm -fpic -funwind-tables -finline-limit=64 -fsigned-char -no-canonical-prefixes -march=armv7-a -mfloat-abi=softfp -mfpu=vfpv3-d16 -fdata-sections -ffunction-sections -Wa,--noexecstack    -fsigned-char -W -Wall -Werror=return-type -Werror=non-virtual-dtor -Werror=address -Werror=sequence-point -Wformat -Werror=format-security -Wmissing-declarations -Wundef -Winit-self -Wpointer-arith -Wshadow -Wsign-promo -Wno-narrowing -Wno-delete-non-virtual-dtor -fdiagnostics-show-option -fomit-frame-pointer -fvisibility=hidden -fvisibility-inlines-hidden  -DOpenMP_FLAG_DETECTED -fopenmp -mthumb -fomit-frame-pointer -fno-strict-aliasing -O3 -DNDEBUG -isystem /home/thomas/build/android-ndk-r9d/platforms/android-8/arch-arm/usr/include -isystem /home/thomas/build/android-ndk-r9d/sources/cxx-stl/gnu-libstdc++/4.8/include -isystem /home/thomas/build/android-ndk-r9d/sources/cxx-stl/gnu-libstdc++/4.8/libs/armeabi-v7a/include    -o CMakeFiles/cmTryCompileExec.dir/src.cxx.o -c /home/thomas/build/misc/openCV/work/platforms/build_android_arm/CMakeFiles/CMakeTmp/src.cxx
Linking CXX executable cmTryCompileExec
/usr/bin/cmake -E cmake_link_script CMakeFiles/cmTryCompileExec.dir/link.txt --verbose=1
/home/thomas/build/android-ndk-r9d/toolchains/arm-linux-androideabi-4.8/prebuilt/linux-x86_64/bin/arm-linux-androideabi-gcc  -fexceptions -frtti -Wno-psabi --sysroot=/home/thomas/build/android-ndk-r9d/platforms/android-8/arch-arm -fpic -funwind-tables -finline-limit=64 -fsigned-char -no-canonical-prefixes -march=armv7-a -mfloat-abi=softfp -mfpu=vfpv3-d16 -fdata-sections -ffunction-sections -Wa,--noexecstack    -fsigned-char -W -Wall -Werror=return-type -Werror=non-virtual-dtor -Werror=address -Werror=sequence-point -Wformat -Werror=format-security -Wmissing-declarations -Wundef -Winit-self -Wpointer-arith -Wshadow -Wsign-promo -Wno-narrowing -Wno-delete-non-virtual-dtor -fdiagnostics-show-option -fomit-frame-pointer -fvisibility=hidden -fvisibility-inlines-hidden  -DOpenMP_FLAG_DETECTED -fopenmp -mthumb -fomit-frame-pointer -fno-strict-aliasing -O3 -DNDEBUG   -Wl,--fix-cortex-a8 -fopenmp -Wl,--no-undefined -Wl,--gc-sections -Wl,-z,noexecstack -Wl,-z,relro -Wl,-z,now -Wl,-z,nocopyreloc CMakeFiles/cmTryCompileExec.dir/src.cxx.o -o cmTryCompileExec -rdynamic -L/libs/armeabi-v7a  "/home/thomas/build/android-ndk-r9d/sources/cxx-stl/gnu-libstdc++/4.8/libs/armeabi-v7a/libgnustl_static.a" "/home/thomas/build/android-ndk-r9d/sources/cxx-stl/gnu-libstdc++/4.8/libs/armeabi-v7a/libsupc++.a" -lm
make[1]: Leaving directory `/home/thomas/build/misc/openCV/work/platforms/build_android_arm/CMakeFiles/CMakeTmp'

Source file was:

#include <omp.h>
int main() { 
#ifdef _OPENMP
  return 0; 
#else
  breaks_on_purpose
#endif
}

