Determining if the system is big endian passed with the following output:
Change Dir: /home/thomas/build/misc/openCV/work/platforms/build_android_arm/CMakeFiles/CMakeTmp

Run Build Command:/usr/bin/make "cmTryCompileExec/fast"
/usr/bin/make -f CMakeFiles/cmTryCompileExec.dir/build.make CMakeFiles/cmTryCompileExec.dir/build
make[1]: Entering directory `/home/thomas/build/misc/openCV/work/platforms/build_android_arm/CMakeFiles/CMakeTmp'
/usr/bin/cmake -E cmake_progress_report /home/thomas/build/misc/openCV/work/platforms/build_android_arm/CMakeFiles/CMakeTmp/CMakeFiles 1
Building C object CMakeFiles/cmTryCompileExec.dir/TestEndianess.c.o
/home/thomas/build/android-ndk-r9d/toolchains/arm-linux-androideabi-4.8/prebuilt/linux-x86_64/bin/arm-linux-androideabi-gcc  -DANDROID -fexceptions -Wno-psabi --sysroot=/home/thomas/build/android-ndk-r9d/platforms/android-8/arch-arm -fpic -funwind-tables -finline-limit=64 -fsigned-char -no-canonical-prefixes -march=armv7-a -mfloat-abi=softfp -mfpu=vfpv3-d16 -fdata-sections -ffunction-sections -Wa,--noexecstack    -fsigned-char -W -Wall -Werror=return-type -Werror=non-virtual-dtor -Werror=address -Werror=sequence-point -Wformat -Werror=format-security -Wmissing-declarations -Wmissing-prototypes -Wstrict-prototypes -Wundef -Winit-self -Wpointer-arith -Wshadow -Wno-narrowing -fdiagnostics-show-option -fomit-frame-pointer -fvisibility=hidden   -mthumb -fomit-frame-pointer -fno-strict-aliasing -O3 -DNDEBUG -isystem /home/thomas/build/android-ndk-r9d/platforms/android-8/arch-arm/usr/include -isystem /home/thomas/build/android-ndk-r9d/sources/cxx-stl/gnu-libstdc++/4.8/include -isystem /home/thomas/build/android-ndk-r9d/sources/cxx-stl/gnu-libstdc++/4.8/libs/armeabi-v7a/include    -o CMakeFiles/cmTryCompileExec.dir/TestEndianess.c.o   -c /home/thomas/build/misc/openCV/work/platforms/build_android_arm/CMakeFiles/CMakeTmp/TestEndianess.c
Linking C executable cmTryCompileExec
/usr/bin/cmake -E cmake_link_script CMakeFiles/cmTryCompileExec.dir/link.txt --verbose=1
/home/thomas/build/android-ndk-r9d/toolchains/arm-linux-androideabi-4.8/prebuilt/linux-x86_64/bin/arm-linux-androideabi-gcc   -fexceptions -Wno-psabi --sysroot=/home/thomas/build/android-ndk-r9d/platforms/android-8/arch-arm -fpic -funwind-tables -finline-limit=64 -fsigned-char -no-canonical-prefixes -march=armv7-a -mfloat-abi=softfp -mfpu=vfpv3-d16 -fdata-sections -ffunction-sections -Wa,--noexecstack    -fsigned-char -W -Wall -Werror=return-type -Werror=non-virtual-dtor -Werror=address -Werror=sequence-point -Wformat -Werror=format-security -Wmissing-declarations -Wmissing-prototypes -Wstrict-prototypes -Wundef -Winit-self -Wpointer-arith -Wshadow -Wno-narrowing -fdiagnostics-show-option -fomit-frame-pointer -fvisibility=hidden   -mthumb -fomit-frame-pointer -fno-strict-aliasing -O3 -DNDEBUG   -Wl,--fix-cortex-a8 -fopenmp -Wl,--no-undefined -Wl,--gc-sections -Wl,-z,noexecstack -Wl,-z,relro -Wl,-z,now -Wl,-z,nocopyreloc CMakeFiles/cmTryCompileExec.dir/TestEndianess.c.o -o cmTryCompileExec -rdynamic -L/libs/armeabi-v7a  "/home/thomas/build/android-ndk-r9d/sources/cxx-stl/gnu-libstdc++/4.8/libs/armeabi-v7a/libsupc++.a"
make[1]: Leaving directory `/home/thomas/build/misc/openCV/work/platforms/build_android_arm/CMakeFiles/CMakeTmp'

TestEndianess.c:
/* A 16 bit integer is required. */
typedef unsigned short cmakeint16;

/* On a little endian machine, these 16bit ints will give "THIS IS LITTLE ENDIAN."
   On a big endian machine the characters will be exchanged pairwise. */
const cmakeint16 info_little[] =  {0x4854, 0x5349, 0x4920, 0x2053, 0x494c, 0x5454, 0x454c, 0x4520, 0x444e, 0x4149, 0x2e4e, 0x0000};

/* on a big endian machine, these 16bit ints will give "THIS IS BIG ENDIAN."
   On a little endian machine the characters will be exchanged pairwise. */
const cmakeint16 info_big[] =     {0x5448, 0x4953, 0x2049, 0x5320, 0x4249, 0x4720, 0x454e, 0x4449, 0x414e, 0x2e2e, 0x0000};

#ifdef __CLASSIC_C__
int main(argc, argv) int argc; char *argv[];
#else
int main(int argc, char *argv[])
#endif
{
  int require = 0;
  require += info_little[argc];
  require += info_big[argc];
  (void)argv;
  return require;
}


Determining if the include file io.h exists failed with the following output:
Change Dir: /home/thomas/build/misc/openCV/work/platforms/build_android_arm/CMakeFiles/CMakeTmp

Run Build Command:/usr/bin/make "cmTryCompileExec/fast"
/usr/bin/make -f CMakeFiles/cmTryCompileExec.dir/build.make CMakeFiles/cmTryCompileExec.dir/build
make[1]: Entering directory `/home/thomas/build/misc/openCV/work/platforms/build_android_arm/CMakeFiles/CMakeTmp'
/usr/bin/cmake -E cmake_progress_report /home/thomas/build/misc/openCV/work/platforms/build_android_arm/CMakeFiles/CMakeTmp/CMakeFiles 1
Building C object CMakeFiles/cmTryCompileExec.dir/CheckIncludeFile.c.o
/home/thomas/build/android-ndk-r9d/toolchains/arm-linux-androideabi-4.8/prebuilt/linux-x86_64/bin/arm-linux-androideabi-gcc  -DANDROID -fexceptions -Wno-psabi --sysroot=/home/thomas/build/android-ndk-r9d/platforms/android-8/arch-arm -fpic -funwind-tables -finline-limit=64 -fsigned-char -no-canonical-prefixes -march=armv7-a -mfloat-abi=softfp -mfpu=vfpv3-d16 -fdata-sections -ffunction-sections -Wa,--noexecstack    -fsigned-char -W -Wall -Werror=return-type -Werror=non-virtual-dtor -Werror=address -Werror=sequence-point -Wformat -Werror=format-security -Wmissing-declarations -Wmissing-prototypes -Wstrict-prototypes -Wundef -Winit-self -Wpointer-arith -Wshadow -Wno-narrowing -fdiagnostics-show-option -fomit-frame-pointer -fvisibility=hidden   -mthumb -fomit-frame-pointer -fno-strict-aliasing -O3 -DNDEBUG -isystem /home/thomas/build/android-ndk-r9d/platforms/android-8/arch-arm/usr/include -isystem /home/thomas/build/android-ndk-r9d/sources/cxx-stl/gnu-libstdc++/4.8/include -isystem /home/thomas/build/android-ndk-r9d/sources/cxx-stl/gnu-libstdc++/4.8/libs/armeabi-v7a/include    -o CMakeFiles/cmTryCompileExec.dir/CheckIncludeFile.c.o   -c /home/thomas/build/misc/openCV/work/platforms/build_android_arm/CMakeFiles/CMakeTmp/CheckIncludeFile.c
/home/thomas/build/misc/openCV/work/platforms/build_android_arm/CMakeFiles/CMakeTmp/CheckIncludeFile.c:1:16: fatal error: io.h: No such file or directory
 #include <io.h>
                ^
compilation terminated.
make[1]: *** [CMakeFiles/cmTryCompileExec.dir/CheckIncludeFile.c.o] Error 1
make[1]: Leaving directory `/home/thomas/build/misc/openCV/work/platforms/build_android_arm/CMakeFiles/CMakeTmp'
make: *** [cmTryCompileExec/fast] Error 2


Determining if the function jbg_newlen exists failed with the following output:
Change Dir: /home/thomas/build/misc/openCV/work/platforms/build_android_arm/CMakeFiles/CMakeTmp

Run Build Command:/usr/bin/make "cmTryCompileExec/fast"
/usr/bin/make -f CMakeFiles/cmTryCompileExec.dir/build.make CMakeFiles/cmTryCompileExec.dir/build
make[1]: Entering directory `/home/thomas/build/misc/openCV/work/platforms/build_android_arm/CMakeFiles/CMakeTmp'
/usr/bin/cmake -E cmake_progress_report /home/thomas/build/misc/openCV/work/platforms/build_android_arm/CMakeFiles/CMakeTmp/CMakeFiles 1
Building C object CMakeFiles/cmTryCompileExec.dir/CheckFunctionExists.c.o
/home/thomas/build/android-ndk-r9d/toolchains/arm-linux-androideabi-4.8/prebuilt/linux-x86_64/bin/arm-linux-androideabi-gcc  -DANDROID -fexceptions -Wno-psabi --sysroot=/home/thomas/build/android-ndk-r9d/platforms/android-8/arch-arm -fpic -funwind-tables -finline-limit=64 -fsigned-char -no-canonical-prefixes -march=armv7-a -mfloat-abi=softfp -mfpu=vfpv3-d16 -fdata-sections -ffunction-sections -Wa,--noexecstack    -fsigned-char -W -Wall -Werror=return-type -Werror=non-virtual-dtor -Werror=address -Werror=sequence-point -Wformat -Werror=format-security -Wmissing-declarations -Wmissing-prototypes -Wstrict-prototypes -Wundef -Winit-self -Wpointer-arith -Wshadow -Wno-narrowing -fdiagnostics-show-option -fomit-frame-pointer -fvisibility=hidden  -DCHECK_FUNCTION_EXISTS=jbg_newlen -mthumb -fomit-frame-pointer -fno-strict-aliasing -O3 -DNDEBUG -isystem /home/thomas/build/android-ndk-r9d/platforms/android-8/arch-arm/usr/include -isystem /home/thomas/build/android-ndk-r9d/sources/cxx-stl/gnu-libstdc++/4.8/include -isystem /home/thomas/build/android-ndk-r9d/sources/cxx-stl/gnu-libstdc++/4.8/libs/armeabi-v7a/include    -o CMakeFiles/cmTryCompileExec.dir/CheckFunctionExists.c.o   -c /usr/share/cmake-2.8/Modules/CheckFunctionExists.c
/usr/share/cmake-2.8/Modules/CheckFunctionExists.c:3:1: warning: function declaration isn't a prototype [-Wstrict-prototypes]
 char CHECK_FUNCTION_EXISTS();
 ^
Linking C executable cmTryCompileExec
/usr/bin/cmake -E cmake_link_script CMakeFiles/cmTryCompileExec.dir/link.txt --verbose=1
/home/thomas/build/android-ndk-r9d/toolchains/arm-linux-androideabi-4.8/prebuilt/linux-x86_64/bin/arm-linux-androideabi-gcc   -fexceptions -Wno-psabi --sysroot=/home/thomas/build/android-ndk-r9d/platforms/android-8/arch-arm -fpic -funwind-tables -finline-limit=64 -fsigned-char -no-canonical-prefixes -march=armv7-a -mfloat-abi=softfp -mfpu=vfpv3-d16 -fdata-sections -ffunction-sections -Wa,--noexecstack    -fsigned-char -W -Wall -Werror=return-type -Werror=non-virtual-dtor -Werror=address -Werror=sequence-point -Wformat -Werror=format-security -Wmissing-declarations -Wmissing-prototypes -Wstrict-prototypes -Wundef -Winit-self -Wpointer-arith -Wshadow -Wno-narrowing -fdiagnostics-show-option -fomit-frame-pointer -fvisibility=hidden  -DCHECK_FUNCTION_EXISTS=jbg_newlen -mthumb -fomit-frame-pointer -fno-strict-aliasing -O3 -DNDEBUG   -Wl,--fix-cortex-a8 -fopenmp -Wl,--no-undefined -Wl,--gc-sections -Wl,-z,noexecstack -Wl,-z,relro -Wl,-z,now -Wl,-z,nocopyreloc CMakeFiles/cmTryCompileExec.dir/CheckFunctionExists.c.o -o cmTryCompileExec -rdynamic -L/libs/armeabi-v7a  "/home/thomas/build/android-ndk-r9d/sources/cxx-stl/gnu-libstdc++/4.8/libs/armeabi-v7a/libsupc++.a"
CMakeFiles/cmTryCompileExec.dir/CheckFunctionExists.c.o:CheckFunctionExists.c:function main: error: undefined reference to 'jbg_newlen'
collect2: error: ld returned 1 exit status
make[1]: Leaving directory `/home/thomas/build/misc/openCV/work/platforms/build_android_arm/CMakeFiles/CMakeTmp'
make[1]: *** [cmTryCompileExec] Error 1
make: *** [cmTryCompileExec/fast] Error 2


Determining if the include file search.h exists failed with the following output:
Change Dir: /home/thomas/build/misc/openCV/work/platforms/build_android_arm/CMakeFiles/CMakeTmp

Run Build Command:/usr/bin/make "cmTryCompileExec/fast"
/usr/bin/make -f CMakeFiles/cmTryCompileExec.dir/build.make CMakeFiles/cmTryCompileExec.dir/build
make[1]: Entering directory `/home/thomas/build/misc/openCV/work/platforms/build_android_arm/CMakeFiles/CMakeTmp'
/usr/bin/cmake -E cmake_progress_report /home/thomas/build/misc/openCV/work/platforms/build_android_arm/CMakeFiles/CMakeTmp/CMakeFiles 1
Building C object CMakeFiles/cmTryCompileExec.dir/CheckIncludeFile.c.o
/home/thomas/build/android-ndk-r9d/toolchains/arm-linux-androideabi-4.8/prebuilt/linux-x86_64/bin/arm-linux-androideabi-gcc  -DANDROID -fexceptions -Wno-psabi --sysroot=/home/thomas/build/android-ndk-r9d/platforms/android-8/arch-arm -fpic -funwind-tables -finline-limit=64 -fsigned-char -no-canonical-prefixes -march=armv7-a -mfloat-abi=softfp -mfpu=vfpv3-d16 -fdata-sections -ffunction-sections -Wa,--noexecstack    -fsigned-char -W -Wall -Werror=return-type -Werror=non-virtual-dtor -Werror=address -Werror=sequence-point -Wformat -Werror=format-security -Wmissing-declarations -Wmissing-prototypes -Wstrict-prototypes -Wundef -Winit-self -Wpointer-arith -Wshadow -Wno-narrowing -fdiagnostics-show-option -fomit-frame-pointer -fvisibility=hidden   -mthumb -fomit-frame-pointer -fno-strict-aliasing -O3 -DNDEBUG -isystem /home/thomas/build/android-ndk-r9d/platforms/android-8/arch-arm/usr/include -isystem /home/thomas/build/android-ndk-r9d/sources/cxx-stl/gnu-libstdc++/4.8/include -isystem /home/thomas/build/android-ndk-r9d/sources/cxx-stl/gnu-libstdc++/4.8/libs/armeabi-v7a/include    -o CMakeFiles/cmTryCompileExec.dir/CheckIncludeFile.c.o   -c /home/thomas/build/misc/openCV/work/platforms/build_android_arm/CMakeFiles/CMakeTmp/CheckIncludeFile.c
/home/thomas/build/misc/openCV/work/platforms/build_android_arm/CMakeFiles/CMakeTmp/CheckIncludeFile.c:1:20: fatal error: search.h: No such file or directory
 #include <search.h>
                    ^
compilation terminated.
make[1]: *** [CMakeFiles/cmTryCompileExec.dir/CheckIncludeFile.c.o] Error 1
make[1]: Leaving directory `/home/thomas/build/misc/openCV/work/platforms/build_android_arm/CMakeFiles/CMakeTmp'
make: *** [cmTryCompileExec/fast] Error 2


